-------------------------------------------------------------------------------
Test set: co.hidoc.SpringBootJwtApplicationTests
-------------------------------------------------------------------------------
Tests run: 1, Failures: 0, Errors: 1, Skipped: 0, Time elapsed: 0.254 s <<< FAILURE! - in co.hidoc.SpringBootJwtApplicationTests
co.hidoc.SpringBootJwtApplicationTests  Time elapsed: 0.252 s  <<< ERROR!
java.lang.IllegalStateException: Unable to find a @SpringBootConfiguration, you need to use @ContextConfiguration or @SpringBootTest(classes=...) with your test

