<?xml version="1.0" encoding="UTF-8"?>
<testsuite xmlns:xsi="http://www.w3.org/2001/XMLSchema-instance" xsi:noNamespaceSchemaLocation="https://maven.apache.org/surefire/maven-surefire-plugin/xsd/surefire-test-report.xsd" name="co.hidoc.SpringBootJwtApplicationTests" time="0.254" tests="1" errors="1" skipped="0" failures="0">
  <properties>
[...]
</properties>
  <testcase name="co.hidoc.SpringBootJwtApplicationTests" classname="co.hidoc.SpringBootJwtApplicationTests" time="0.252">
    <error message="Unable to find a @SpringBootConfiguration, you need to use @ContextConfiguration or @SpringBootTest(classes=...) with your test" type="java.lang.IllegalStateException">java.lang.IllegalStateException: Unable to find a @SpringBootConfiguration, you need to use @ContextConfiguration or @SpringBootTest(classes=...) with your test
</error>
    <system-out><![CDATA[18:50:29.404 [main] DEBUG org.springframework.test.context.BootstrapUtils - Instantiating CacheAwareContextLoaderDelegate from class [org.springframework.test.context.cache.DefaultCacheAwareContextLoaderDelegate]
18:50:29.414 [main] DEBUG org.springframework.test.context.BootstrapUtils - Instantiating BootstrapContext using constructor [public org.springframework.test.context.support.DefaultBootstrapContext(java.lang.Class,org.springframework.test.context.CacheAwareContextLoaderDelegate)]
18:50:29.452 [main] DEBUG org.springframework.test.context.BootstrapUtils - Instantiating TestContextBootstrapper for test class [co.hidoc.SpringBootJwtApplicationTests] from class [org.springframework.boot.test.context.SpringBootTestContextBootstrapper]
18:50:29.463 [main] INFO org.springframework.boot.test.context.SpringBootTestContextBootstrapper - Neither @ContextConfiguration nor @ContextHierarchy found for test class [co.hidoc.SpringBootJwtApplicationTests], using SpringBootContextLoader
18:50:29.467 [main] DEBUG org.springframework.test.context.support.AbstractContextLoader - Did not detect default resource location for test class [co.hidoc.SpringBootJwtApplicationTests]: class path resource [co/hidoc/SpringBootJwtApplicationTests-context.xml] does not exist
18:50:29.468 [main] DEBUG org.springframework.test.context.support.AbstractContextLoader - Did not detect default resource location for test class [co.hidoc.SpringBootJwtApplicationTests]: class path resource [co/hidoc/SpringBootJwtApplicationTestsContext.groovy] does not exist
18:50:29.468 [main] INFO org.springframework.test.context.support.AbstractContextLoader - Could not detect default resource locations for test class [co.hidoc.SpringBootJwtApplicationTests]: no resource found for suffixes {-context.xml, Context.groovy}.
18:50:29.469 [main] INFO org.springframework.test.context.support.AnnotationConfigContextLoaderUtils - Could not detect default configuration classes for test class [co.hidoc.SpringBootJwtApplicationTests]: SpringBootJwtApplicationTests does not declare any static, non-private, non-final, nested classes annotated with @Configuration.
18:50:29.509 [main] DEBUG org.springframework.test.context.support.ActiveProfilesUtils - Could not find an 'annotation declaring class' for annotation type [org.springframework.test.context.ActiveProfiles] and class [co.hidoc.SpringBootJwtApplicationTests]
18:50:29.543 [main] DEBUG org.springframework.test.context.BootstrapUtils - Instantiating CacheAwareContextLoaderDelegate from class [org.springframework.test.context.cache.DefaultCacheAwareContextLoaderDelegate]
18:50:29.543 [main] DEBUG org.springframework.test.context.BootstrapUtils - Instantiating BootstrapContext using constructor [public org.springframework.test.context.support.DefaultBootstrapContext(java.lang.Class,org.springframework.test.context.CacheAwareContextLoaderDelegate)]
18:50:29.544 [main] DEBUG org.springframework.test.context.BootstrapUtils - Instantiating TestContextBootstrapper for test class [co.hidoc.SpringBootJwtApplicationTests] from class [org.springframework.boot.test.context.SpringBootTestContextBootstrapper]
18:50:29.545 [main] INFO org.springframework.boot.test.context.SpringBootTestContextBootstrapper - Neither @ContextConfiguration nor @ContextHierarchy found for test class [co.hidoc.SpringBootJwtApplicationTests], using SpringBootContextLoader
18:50:29.545 [main] DEBUG org.springframework.test.context.support.AbstractContextLoader - Did not detect default resource location for test class [co.hidoc.SpringBootJwtApplicationTests]: class path resource [co/hidoc/SpringBootJwtApplicationTests-context.xml] does not exist
18:50:29.546 [main] DEBUG org.springframework.test.context.support.AbstractContextLoader - Did not detect default resource location for test class [co.hidoc.SpringBootJwtApplicationTests]: class path resource [co/hidoc/SpringBootJwtApplicationTestsContext.groovy] does not exist
18:50:29.546 [main] INFO org.springframework.test.context.support.AbstractContextLoader - Could not detect default resource locations for test class [co.hidoc.SpringBootJwtApplicationTests]: no resource found for suffixes {-context.xml, Context.groovy}.
18:50:29.547 [main] INFO org.springframework.test.context.support.AnnotationConfigContextLoaderUtils - Could not detect default configuration classes for test class [co.hidoc.SpringBootJwtApplicationTests]: SpringBootJwtApplicationTests does not declare any static, non-private, non-final, nested classes annotated with @Configuration.
18:50:29.549 [main] DEBUG org.springframework.test.context.support.ActiveProfilesUtils - Could not find an 'annotation declaring class' for annotation type [org.springframework.test.context.ActiveProfiles] and class [co.hidoc.SpringBootJwtApplicationTests]
18:50:29.554 [main] DEBUG org.springframework.test.context.BootstrapUtils - Instantiating CacheAwareContextLoaderDelegate from class [org.springframework.test.context.cache.DefaultCacheAwareContextLoaderDelegate]
18:50:29.555 [main] DEBUG org.springframework.test.context.BootstrapUtils - Instantiating BootstrapContext using constructor [public org.springframework.test.context.support.DefaultBootstrapContext(java.lang.Class,org.springframework.test.context.CacheAwareContextLoaderDelegate)]
18:50:29.555 [main] DEBUG org.springframework.test.context.BootstrapUtils - Instantiating TestContextBootstrapper for test class [co.hidoc.SpringBootJwtApplicationTests] from class [org.springframework.boot.test.context.SpringBootTestContextBootstrapper]
18:50:29.555 [main] INFO org.springframework.boot.test.context.SpringBootTestContextBootstrapper - Neither @ContextConfiguration nor @ContextHierarchy found for test class [co.hidoc.SpringBootJwtApplicationTests], using SpringBootContextLoader
18:50:29.556 [main] DEBUG org.springframework.test.context.support.AbstractContextLoader - Did not detect default resource location for test class [co.hidoc.SpringBootJwtApplicationTests]: class path resource [co/hidoc/SpringBootJwtApplicationTests-context.xml] does not exist
18:50:29.556 [main] DEBUG org.springframework.test.context.support.AbstractContextLoader - Did not detect default resource location for test class [co.hidoc.SpringBootJwtApplicationTests]: class path resource [co/hidoc/SpringBootJwtApplicationTestsContext.groovy] does not exist
18:50:29.557 [main] INFO org.springframework.test.context.support.AbstractContextLoader - Could not detect default resource locations for test class [co.hidoc.SpringBootJwtApplicationTests]: no resource found for suffixes {-context.xml, Context.groovy}.
18:50:29.557 [main] INFO org.springframework.test.context.support.AnnotationConfigContextLoaderUtils - Could not detect default configuration classes for test class [co.hidoc.SpringBootJwtApplicationTests]: SpringBootJwtApplicationTests does not declare any static, non-private, non-final, nested classes annotated with @Configuration.
18:50:29.559 [main] DEBUG org.springframework.test.context.support.ActiveProfilesUtils - Could not find an 'annotation declaring class' for annotation type [org.springframework.test.context.ActiveProfiles] and class [co.hidoc.SpringBootJwtApplicationTests]
]]></system-out>
  </testcase>
</testsuite>